Running phase: unpackPhase
@nix { "action": "setPhase", "phase": "unpackPhase" }
unpacking source archive /nix/store/53lk1fszk0qqky9g4x7i51hr55bb2ilc-source
source root is source
Running phase: patchPhase
@nix { "action": "setPhase", "phase": "patchPhase" }
/nix/store/p9jhk2r3r6zz30xvf7jkf9zj1m1mpkdg-netbeans-nbms-29
|-- apisupport
|   |-- org-netbeans-modules-apisupport-ant.nbm
|   |-- org-netbeans-modules-apisupport-kit.nbm
|   |-- org-netbeans-modules-apisupport-project.nbm
|   |-- org-netbeans-modules-apisupport-refactoring.nbm
|   |-- org-netbeans-modules-apisupport-wizards.nbm
|   |-- org-netbeans-modules-maven-apisupport.nbm
|   `-- org-netbeans-modules-timers.nbm
|-- cpplite
|   |-- org-netbeans-modules-cpplite-debugger.nbm
|   |-- org-netbeans-modules-cpplite-editor.nbm
|   |-- org-netbeans-modules-cpplite-kit.nbm
|   `-- org-netbeans-modules-cpplite-project.nbm
|-- enterprise
|   |-- org-netbeans-api-web-webmodule.nbm
|   |-- org-netbeans-libs-amazon.nbm
|   |-- org-netbeans-libs-elimpl.nbm
|   |-- org-netbeans-libs-fabric8.nbm
|   |-- org-netbeans-libs-glassfish_logging.nbm
|   |-- org-netbeans-libs-jackson.nbm
|   |-- org-netbeans-libs-jstl.nbm
|   |-- org-netbeans-modules-cloud-amazon.nbm
|   |-- org-netbeans-modules-cloud-common.nbm
|   |-- org-netbeans-modules-cloud-oracle.nbm
|   |-- org-netbeans-modules-el-lexer.nbm
|   |-- org-netbeans-modules-glassfish-common.nbm
|   |-- org-netbeans-modules-glassfish-eecommon.nbm
|   |-- org-netbeans-modules-glassfish-javaee.nbm
|   |-- org-netbeans-modules-glassfish-tooling.nbm
|   |-- org-netbeans-modules-gradle-javaee.nbm
|   |-- org-netbeans-modules-j2ee-ant.nbm
|   |-- org-netbeans-modules-j2ee-api-ejbmodule.nbm
|   |-- org-netbeans-modules-j2ee-clientproject.nbm
|   |-- org-netbeans-modules-j2ee-common.nbm
|   |-- org-netbeans-modules-j2ee-core.nbm
|   |-- org-netbeans-modules-j2ee-dd-webservice.nbm
|   |-- org-netbeans-modules-j2ee-dd.nbm
|   |-- org-netbeans-modules-j2ee-ddloaders.nbm
|   |-- org-netbeans-modules-j2ee-earproject.nbm
|   |-- org-netbeans-modules-j2ee-ejbcore.nbm
|   |-- org-netbeans-modules-j2ee-ejbjarproject.nbm
|   |-- org-netbeans-modules-j2ee-ejbrefactoring.nbm
|   |-- org-netbeans-modules-j2ee-ejbverification.nbm
|   |-- org-netbeans-modules-j2ee-genericserver.nbm
|   |-- org-netbeans-modules-j2ee-kit.nbm
|   |-- org-netbeans-modules-j2ee-platform.nbm
|   |-- org-netbeans-modules-j2ee-sun-appsrv.nbm
|   |-- org-netbeans-modules-j2ee-sun-dd.nbm
|   |-- org-netbeans-modules-j2ee-sun-ddui.nbm
|   |-- org-netbeans-modules-j2eeapis.nbm
|   |-- org-netbeans-modules-j2eeserver.nbm
|   |-- org-netbeans-modules-jakarta-transformer.nbm
|   |-- org-netbeans-modules-jakartaee10-api.nbm
|   |-- org-netbeans-modules-jakartaee10-platform.nbm
|   |-- org-netbeans-modules-jakartaee11-api.nbm
|   |-- org-netbeans-modules-jakartaee11-platform.nbm
|   |-- org-netbeans-modules-jakartaee8-api.nbm
|   |-- org-netbeans-modules-jakartaee8-platform.nbm
|   |-- org-netbeans-modules-jakartaee9-api.nbm
|   |-- org-netbeans-modules-jakartaee9-platform.nbm
|   |-- org-netbeans-modules-javaee-api.nbm
|   |-- org-netbeans-modules-javaee-beanvalidation.nbm
|   |-- org-netbeans-modules-javaee-project.nbm
|   |-- org-netbeans-modules-javaee-resources.nbm
|   |-- org-netbeans-modules-javaee-specs-support.nbm
|   |-- org-netbeans-modules-javaee-wildfly.nbm
|   |-- org-netbeans-modules-javaee7-api.nbm
|   |-- org-netbeans-modules-javaee8-api.nbm
|   |-- org-netbeans-modules-jellytools-enterprise.nbm
|   |-- org-netbeans-modules-jsp-lexer.nbm
|   |-- org-netbeans-modules-maven-j2ee.nbm
|   |-- org-netbeans-modules-maven-jaxws.nbm
|   |-- org-netbeans-modules-micronaut.nbm
|   |-- org-netbeans-modules-payara-common.nbm
|   |-- org-netbeans-modules-payara-eecommon.nbm
|   |-- org-netbeans-modules-payara-jakartaee.nbm
|   |-- org-netbeans-modules-payara-micro.nbm
|   |-- org-netbeans-modules-payara-tooling.nbm
|   |-- org-netbeans-modules-profiler-j2ee.nbm
|   |-- org-netbeans-modules-projectimport-eclipse-web.nbm
|   |-- org-netbeans-modules-servletjspapi.nbm
|   |-- org-netbeans-modules-spring-webmvc.nbm
|   |-- org-netbeans-modules-tomcat5.nbm
|   |-- org-netbeans-modules-web-beans.nbm
|   |-- org-netbeans-modules-web-bootsfaces.nbm
|   |-- org-netbeans-modules-web-client-rest.nbm
|   |-- org-netbeans-modules-web-core-syntax.nbm
|   |-- org-netbeans-modules-web-core.nbm
|   |-- org-netbeans-modules-web-debug.nbm
|   |-- org-netbeans-modules-web-el.nbm
|   |-- org-netbeans-modules-web-freeform.nbm
|   |-- org-netbeans-modules-web-jsf-editor.nbm
|   |-- org-netbeans-modules-web-jsf-icefaces.nbm
|   |-- org-netbeans-modules-web-jsf-kit.nbm
|   |-- org-netbeans-modules-web-jsf-navigation.nbm
|   |-- org-netbeans-modules-web-jsf-richfaces.nbm
|   |-- org-netbeans-modules-web-jsf.nbm
|   |-- org-netbeans-modules-web-jsf20.nbm
|   |-- org-netbeans-modules-web-jsfapi.nbm
|   |-- org-netbeans-modules-web-jspparser.nbm
|   |-- org-netbeans-modules-web-kit.nbm
|   |-- org-netbeans-modules-web-monitor.nbm
|   |-- org-netbeans-modules-web-primefaces.nbm
|   |-- org-netbeans-modules-web-project.nbm
|   |-- org-netbeans-modules-web-refactoring.nbm
|   |-- org-netbeans-modules-weblogic-common.nbm
|   |-- org-netbeans-modules-websocket.nbm
|   |-- org-netbeans-modules-websvc-clientapi.nbm
|   |-- org-netbeans-modules-websvc-core.nbm
|   |-- org-netbeans-modules-websvc-customization.nbm
|   |-- org-netbeans-modules-websvc-design.nbm
|   |-- org-netbeans-modules-websvc-editor-hints.nbm
|   |-- org-netbeans-modules-websvc-jaxws-lightapi.nbm
|   |-- org-netbeans-modules-websvc-jaxwsapi.nbm
|   |-- org-netbeans-modules-websvc-jaxwsmodel.nbm
|   |-- org-netbeans-modules-websvc-kit.nbm
|   |-- org-netbeans-modules-websvc-manager.nbm
|   |-- org-netbeans-modules-websvc-metro-lib.nbm
|   |-- org-netbeans-modules-websvc-owsm.nbm
|   |-- org-netbeans-modules-websvc-projectapi.nbm
|   |-- org-netbeans-modules-websvc-rest.nbm
|   |-- org-netbeans-modules-websvc-restapi.nbm
|   |-- org-netbeans-modules-websvc-restkit.nbm
|   |-- org-netbeans-modules-websvc-restlib.nbm
|   |-- org-netbeans-modules-websvc-saas-codegen-j2ee.nbm
|   |-- org-netbeans-modules-websvc-utilities.nbm
|   |-- org-netbeans-modules-websvc-websvcapi.nbm
|   `-- org-netbeans-modules-websvc-wsstackapi.nbm
|-- ergonomics
|   `-- org-netbeans-modules-ide-ergonomics.nbm
|-- extide
|   |-- org-apache-tools-ant-module.nbm
|   |-- org-netbeans-modules-gradle-dists.nbm
|   |-- org-netbeans-modules-gradle-editor.nbm
|   |-- org-netbeans-modules-gradle.nbm
|   |-- org-netbeans-modules-libs-gradle.nbm
|   `-- org-netbeans-modules-options-java.nbm
|-- extra
|   |-- org-netbeans-libs-javafx-linux-aarch64.nbm
|   |-- org-netbeans-libs-javafx-linux.nbm
|   |-- org-netbeans-libs-javafx-macosx-aarch64.nbm
|   |-- org-netbeans-libs-javafx-macosx.nbm
|   `-- org-netbeans-libs-javafx-win.nbm
|-- groovy
|   |-- org-netbeans-modules-gradle-groovy.nbm
|   |-- org-netbeans-modules-groovy-antproject.nbm
|   |-- org-netbeans-modules-groovy-debug.nbm
|   |-- org-netbeans-modules-groovy-editor.nbm
|   |-- org-netbeans-modules-groovy-gsp.nbm
|   |-- org-netbeans-modules-groovy-kit.nbm
|   |-- org-netbeans-modules-groovy-refactoring.nbm
|   |-- org-netbeans-modules-groovy-samples.nbm
|   |-- org-netbeans-modules-groovy-support.nbm
|   |-- org-netbeans-modules-libs-groovy.nbm
|   `-- org-netbeans-modules-maven-groovy.nbm
|-- harness
|   |-- org-netbeans-insane.nbm
|   |-- org-netbeans-modules-apisupport-harness.nbm
|   |-- org-netbeans-modules-jellytools-platform.nbm
|   |-- org-netbeans-modules-jemmy.nbm
|   `-- org-netbeans-modules-nbjunit.nbm
|-- ide
|   |-- bcpg.nbm
|   |-- bcpkix.nbm
|   |-- bcprov.nbm
|   |-- bcutil.nbm
|   |-- com-google-gson.nbm
|   |-- com-google-guava-failureaccess.nbm
|   |-- com-google-guava.nbm
|   |-- com-googlecode-javaewah-JavaEWAH.nbm
|   |-- com-jcraft-jsch.nbm
|   |-- com-jcraft-jzlib.nbm
|   |-- libs-c-kohlschutter-junixsocket.nbm
|   |-- org-apache-xml-resolver.nbm
|   |-- org-eclipse-core-contenttype.nbm
|   |-- org-eclipse-core-jobs.nbm
|   |-- org-eclipse-core-net.nbm
|   |-- org-eclipse-core-runtime-compatibility-auth.nbm
|   |-- org-eclipse-core-runtime.nbm
|   |-- org-eclipse-equinox-app.nbm
|   |-- org-eclipse-equinox-common.nbm
|   |-- org-eclipse-equinox-preferences.nbm
|   |-- org-eclipse-equinox-registry.nbm
|   |-- org-eclipse-equinox-security.nbm
|   |-- org-eclipse-jgit-gpg-bc.nbm
|   |-- org-eclipse-jgit-lfs.nbm
|   |-- org-eclipse-jgit-ssh-jsch.nbm
|   |-- org-eclipse-jgit.nbm
|   |-- org-netbeans-agent.nbm
|   |-- org-netbeans-api-debugger.nbm
|   |-- org-netbeans-api-java-classpath.nbm
|   |-- org-netbeans-api-lsp.nbm
|   |-- org-netbeans-api-xml-ui.nbm
|   |-- org-netbeans-api-xml.nbm
|   |-- org-netbeans-core-browser-webview.nbm
|   |-- org-netbeans-core-browser.nbm
|   |-- org-netbeans-core-ide.nbm
|   |-- org-netbeans-core-multitabs-project.nbm
|   |-- org-netbeans-lib-terminalemulator.nbm
|   |-- org-netbeans-libs-antlr3-runtime.nbm
|   |-- org-netbeans-libs-antlr4-runtime.nbm
|   |-- org-netbeans-libs-commons_compress.nbm
|   |-- org-netbeans-libs-commons_net.nbm
|   |-- org-netbeans-libs-flexmark.nbm
|   |-- org-netbeans-libs-freemarker.nbm
|   |-- org-netbeans-libs-git.nbm
|   |-- org-netbeans-libs-graalsdk-system.nbm
|   |-- org-netbeans-libs-graalsdk.nbm
|   |-- org-netbeans-libs-ini4j.nbm
|   |-- org-netbeans-libs-jaxb.nbm
|   |-- org-netbeans-libs-jcodings.nbm
|   |-- org-netbeans-libs-jsch-agentproxy.nbm
|   |-- org-netbeans-libs-json_simple.nbm
|   |-- org-netbeans-libs-lucene.nbm
|   |-- org-netbeans-libs-snakeyaml_engine.nbm
|   |-- org-netbeans-libs-svnClientAdapter-javahl.nbm
|   |-- org-netbeans-libs-svnClientAdapter.nbm
|   |-- org-netbeans-libs-tomlj.nbm
|   |-- org-netbeans-libs-tomljava.nbm
|   |-- org-netbeans-libs-truffleapi.nbm
|   |-- org-netbeans-libs-xerces.nbm
|   |-- org-netbeans-modules-bugtracking-bridge.nbm
|   |-- org-netbeans-modules-bugtracking-commons.nbm
|   |-- org-netbeans-modules-bugtracking.nbm
|   |-- org-netbeans-modules-code-analysis.nbm
|   |-- org-netbeans-modules-csl-api.nbm
|   |-- org-netbeans-modules-csl-types.nbm
|   |-- org-netbeans-modules-css-editor.nbm
|   |-- org-netbeans-modules-css-lib.nbm
|   |-- org-netbeans-modules-css-model.nbm
|   |-- org-netbeans-modules-css-prep.nbm
|   |-- org-netbeans-modules-css-visual.nbm
|   |-- org-netbeans-modules-db-core.nbm
|   |-- org-netbeans-modules-db-dataview.nbm
|   |-- org-netbeans-modules-db-drivers.nbm
|   |-- org-netbeans-modules-db-kit.nbm
|   |-- org-netbeans-modules-db-metadata-model.nbm
|   |-- org-netbeans-modules-db-mysql.nbm
|   |-- org-netbeans-modules-db-sql-editor.nbm
|   |-- org-netbeans-modules-db-sql-visualeditor.nbm
|   |-- org-netbeans-modules-db.nbm
|   |-- org-netbeans-modules-dbapi.nbm
|   |-- org-netbeans-modules-defaults.nbm
|   |-- org-netbeans-modules-derby.nbm
|   |-- org-netbeans-modules-diff.nbm
|   |-- org-netbeans-modules-dlight-nativeexecution-nb.nbm
|   |-- org-netbeans-modules-dlight-nativeexecution.nbm
|   |-- org-netbeans-modules-dlight-terminal.nbm
|   |-- org-netbeans-modules-docker-api.nbm
|   |-- org-netbeans-modules-docker-editor.nbm
|   |-- org-netbeans-modules-docker-ui.nbm
|   |-- org-netbeans-modules-editor-actions.nbm
|   |-- org-netbeans-modules-editor-autosave.nbm
|   |-- org-netbeans-modules-editor-bookmarks.nbm
|   |-- org-netbeans-modules-editor-bracesmatching.nbm
|   |-- org-netbeans-modules-editor-breadcrumbs.nbm
|   |-- org-netbeans-modules-editor-codetemplates.nbm
|   |-- org-netbeans-modules-editor-completion.nbm
|   |-- org-netbeans-modules-editor-deprecated-pre65formatting.nbm
|   |-- org-netbeans-modules-editor-document.nbm
|   |-- org-netbeans-modules-editor-errorstripe-api.nbm
|   |-- org-netbeans-modules-editor-errorstripe.nbm
|   |-- org-netbeans-modules-editor-fold-nbui.nbm
|   |-- org-netbeans-modules-editor-fold.nbm
|   |-- org-netbeans-modules-editor-global-format.nbm
|   |-- org-netbeans-modules-editor-guards.nbm
|   |-- org-netbeans-modules-editor-indent-project.nbm
|   |-- org-netbeans-modules-editor-indent-support.nbm
|   |-- org-netbeans-modules-editor-indent.nbm
|   |-- org-netbeans-modules-editor-kit.nbm
|   |-- org-netbeans-modules-editor-lib.nbm
|   |-- org-netbeans-modules-editor-lib2.nbm
|   |-- org-netbeans-modules-editor-macros.nbm
|   |-- org-netbeans-modules-editor-plain-lib.nbm
|   |-- org-netbeans-modules-editor-plain.nbm
|   |-- org-netbeans-modules-editor-search.nbm
|   |-- org-netbeans-modules-editor-settings-lib.nbm
|   |-- org-netbeans-modules-editor-settings-storage.nbm
|   |-- org-netbeans-modules-editor-settings.nbm
|   |-- org-netbeans-modules-editor-structure.nbm
|   |-- org-netbeans-modules-editor-tools-storage.nbm
|   |-- org-netbeans-modules-editor-util.nbm
|   |-- org-netbeans-modules-editor.nbm
|   |-- org-netbeans-modules-extbrowser.nbm
|   |-- org-netbeans-modules-extexecution-base.nbm
|   |-- org-netbeans-modules-extexecution-impl.nbm
|   |-- org-netbeans-modules-extexecution-process.nbm
|   |-- org-netbeans-modules-extexecution.nbm
|   |-- org-netbeans-modules-git.nbm
|   |-- org-netbeans-modules-go-lang.nbm
|   |-- org-netbeans-modules-gototest.nbm
|   |-- org-netbeans-modules-gsf-codecoverage.nbm
|   |-- org-netbeans-modules-gsf-testrunner-ui.nbm
|   |-- org-netbeans-modules-gsf-testrunner.nbm
|   |-- org-netbeans-modules-html-custom.nbm
|   |-- org-netbeans-modules-html-editor-lib.nbm
|   |-- org-netbeans-modules-html-editor.nbm
|   |-- org-netbeans-modules-html-indexing.nbm
|   |-- org-netbeans-modules-html-lexer.nbm
|   |-- org-netbeans-modules-html-parser.nbm
|   |-- org-netbeans-modules-html-validation.nbm
|   |-- org-netbeans-modules-html.nbm
|   |-- org-netbeans-modules-httpserver.nbm
|   |-- org-netbeans-modules-hudson-git.nbm
|   |-- org-netbeans-modules-hudson-mercurial.nbm
|   |-- org-netbeans-modules-hudson-subversion.nbm
|   |-- org-netbeans-modules-hudson-tasklist.nbm
|   |-- org-netbeans-modules-hudson-ui.nbm
|   |-- org-netbeans-modules-hudson.nbm
|   |-- org-netbeans-modules-ide-kit.nbm
|   |-- org-netbeans-modules-image.nbm
|   |-- org-netbeans-modules-javascript2-debug-ui.nbm
|   |-- org-netbeans-modules-javascript2-debug.nbm
|   |-- org-netbeans-modules-jellytools-ide.nbm
|   |-- org-netbeans-modules-jumpto.nbm
|   |-- org-netbeans-modules-languages-diff.nbm
|   |-- org-netbeans-modules-languages-env.nbm
|   |-- org-netbeans-modules-languages-go.nbm
|   |-- org-netbeans-modules-languages-hcl.nbm
|   |-- org-netbeans-modules-languages-jflex.nbm
|   |-- org-netbeans-modules-languages-manifest.nbm
|   |-- org-netbeans-modules-languages-toml.nbm
|   |-- org-netbeans-modules-languages-yaml.nbm
|   |-- org-netbeans-modules-languages.nbm
|   |-- org-netbeans-modules-lexer-antlr4.nbm
|   |-- org-netbeans-modules-lexer-nbbridge.nbm
|   |-- org-netbeans-modules-lexer.nbm
|   |-- org-netbeans-modules-localhistory.nbm
|   |-- org-netbeans-modules-lsp-client.nbm
|   |-- org-netbeans-modules-markdown.nbm
|   |-- org-netbeans-modules-mercurial.nbm
|   |-- org-netbeans-modules-nativeimage-api.nbm
|   |-- org-netbeans-modules-notifications.nbm
|   |-- org-netbeans-modules-options-editor.nbm
|   |-- org-netbeans-modules-parsing-api.nbm
|   |-- org-netbeans-modules-parsing-indexing.nbm
|   |-- org-netbeans-modules-parsing-lucene.nbm
|   |-- org-netbeans-modules-parsing-nb.nbm
|   |-- org-netbeans-modules-parsing-ui.nbm
|   |-- org-netbeans-modules-print-editor.nbm
|   |-- org-netbeans-modules-project-ant-compat8.nbm
|   |-- org-netbeans-modules-project-ant-ui.nbm
|   |-- org-netbeans-modules-project-ant.nbm
|   |-- org-netbeans-modules-project-dependency.nbm
|   |-- org-netbeans-modules-project-indexingbridge.nbm
|   |-- org-netbeans-modules-project-libraries-ui.nbm
|   |-- org-netbeans-modules-project-libraries.nbm
|   |-- org-netbeans-modules-project-spi-intern-impl.nbm
|   |-- org-netbeans-modules-project-spi-intern.nbm
|   |-- org-netbeans-modules-projectapi-nb.nbm
|   |-- org-netbeans-modules-projectapi.nbm
|   |-- org-netbeans-modules-projectui-buildmenu.nbm
|   |-- org-netbeans-modules-projectui.nbm
|   |-- org-netbeans-modules-projectuiapi-base.nbm
|   |-- org-netbeans-modules-projectuiapi.nbm
|   |-- org-netbeans-modules-properties-syntax.nbm
|   |-- org-netbeans-modules-properties.nbm
|   |-- org-netbeans-modules-refactoring-api.nbm
|   |-- org-netbeans-modules-schema2beans.nbm
|   |-- org-netbeans-modules-selenium2-server.nbm
|   |-- org-netbeans-modules-selenium2.nbm
|   |-- org-netbeans-modules-server.nbm
|   |-- org-netbeans-modules-servletapi.nbm
|   |-- org-netbeans-modules-spellchecker-apimodule.nbm
|   |-- org-netbeans-modules-spellchecker-bindings-htmlxml.nbm
|   |-- org-netbeans-modules-spellchecker-bindings-properties.nbm
|   |-- org-netbeans-modules-spellchecker-dictionary_en.nbm
|   |-- org-netbeans-modules-spellchecker-kit.nbm
|   |-- org-netbeans-modules-spellchecker.nbm
|   |-- org-netbeans-modules-subversion.nbm
|   |-- org-netbeans-modules-svg.nbm
|   |-- org-netbeans-modules-swing-validation.nbm
|   |-- org-netbeans-modules-target-iterator.nbm
|   |-- org-netbeans-modules-tasklist-kit.nbm
|   |-- org-netbeans-modules-tasklist-projectint.nbm
|   |-- org-netbeans-modules-tasklist-todo.nbm
|   |-- org-netbeans-modules-tasklist-ui.nbm
|   |-- org-netbeans-modules-team-commons.nbm
|   |-- org-netbeans-modules-team-ide.nbm
|   |-- org-netbeans-modules-terminal-nb.nbm
|   |-- org-netbeans-modules-terminal.nbm
|   |-- org-netbeans-modules-textmate-lexer.nbm
|   |-- org-netbeans-modules-texttools.nbm
|   |-- org-netbeans-modules-usersguide.nbm
|   |-- org-netbeans-modules-utilities-project.nbm
|   |-- org-netbeans-modules-utilities.nbm
|   |-- org-netbeans-modules-versioning-core.nbm
|   |-- org-netbeans-modules-versioning-indexingbridge.nbm
|   |-- org-netbeans-modules-versioning-masterfs.nbm
|   |-- org-netbeans-modules-versioning-system-cvss-installer.nbm
|   |-- org-netbeans-modules-versioning-ui.nbm
|   |-- org-netbeans-modules-versioning-util.nbm
|   |-- org-netbeans-modules-versioning.nbm
|   |-- org-netbeans-modules-web-browser-api.nbm
|   |-- org-netbeans-modules-web-common-ui.nbm
|   |-- org-netbeans-modules-web-common.nbm
|   |-- org-netbeans-modules-web-indent.nbm
|   |-- org-netbeans-modules-web-webkit-debugging.nbm
|   |-- org-netbeans-modules-xml-axi.nbm
|   |-- org-netbeans-modules-xml-catalog-ui.nbm
|   |-- org-netbeans-modules-xml-catalog.nbm
|   |-- org-netbeans-modules-xml-core.nbm
|   |-- org-netbeans-modules-xml-jaxb-api.nbm
|   |-- org-netbeans-modules-xml-lexer.nbm
|   |-- org-netbeans-modules-xml-multiview.nbm
|   |-- org-netbeans-modules-xml-retriever.nbm
|   |-- org-netbeans-modules-xml-schema-completion.nbm
|   |-- org-netbeans-modules-xml-schema-model.nbm
|   |-- org-netbeans-modules-xml-tax.nbm
|   |-- org-netbeans-modules-xml-text-obsolete90.nbm
|   |-- org-netbeans-modules-xml-text.nbm
|   |-- org-netbeans-modules-xml-tools.nbm
|   |-- org-netbeans-modules-xml-wsdl-model.nbm
|   |-- org-netbeans-modules-xml-xam.nbm
|   |-- org-netbeans-modules-xml-xdm.nbm
|   |-- org-netbeans-modules-xml.nbm
|   |-- org-netbeans-modules-xsl.nbm
|   |-- org-netbeans-spi-debugger-ui.nbm
|   |-- org-netbeans-spi-editor-hints-projects.nbm
|   |-- org-netbeans-spi-editor-hints.nbm
|   |-- org-netbeans-spi-navigator.nbm
|   |-- org-netbeans-spi-palette.nbm
|   |-- org-netbeans-spi-tasklist.nbm
|   |-- org-netbeans-spi-viewmodel.nbm
|   |-- org-netbeans-swing-dirchooser.nbm
|   |-- org-openidex-util.nbm
|   |-- slf4j-api.nbm
|   `-- slf4j-jdk14.nbm
|-- java
|   |-- org-netbeans-api-debugger-jpda.nbm
|   |-- org-netbeans-api-java.nbm
|   |-- org-netbeans-api-maven.nbm
|   |-- org-netbeans-lib-jshell-agent.nbm
|   |-- org-netbeans-lib-nbjavac.nbm
|   |-- org-netbeans-libs-cglib.nbm
|   |-- org-netbeans-libs-javacapi.nbm
|   |-- org-netbeans-libs-nbjavacapi.nbm
|   |-- org-netbeans-libs-springframework.nbm
|   |-- org-netbeans-modules-ant-browsetask.nbm
|   |-- org-netbeans-modules-ant-debugger.nbm
|   |-- org-netbeans-modules-ant-freeform.nbm
|   |-- org-netbeans-modules-ant-grammar.nbm
|   |-- org-netbeans-modules-ant-hints.nbm
|   |-- org-netbeans-modules-ant-kit.nbm
|   |-- org-netbeans-modules-beans.nbm
|   |-- org-netbeans-modules-classfile.nbm
|   |-- org-netbeans-modules-dbschema.nbm
|   |-- org-netbeans-modules-debugger-jpda-ant.nbm
|   |-- org-netbeans-modules-debugger-jpda-js.nbm
|   |-- org-netbeans-modules-debugger-jpda-jsui.nbm
|   |-- org-netbeans-modules-debugger-jpda-kit.nbm
|   |-- org-netbeans-modules-debugger-jpda-projects.nbm
|   |-- org-netbeans-modules-debugger-jpda-projectsui.nbm
|   |-- org-netbeans-modules-debugger-jpda-truffle.nbm
|   |-- org-netbeans-modules-debugger-jpda-trufflenode.nbm
|   |-- org-netbeans-modules-debugger-jpda-ui.nbm
|   |-- org-netbeans-modules-debugger-jpda-visual.nbm
|   |-- org-netbeans-modules-debugger-jpda.nbm
|   |-- org-netbeans-modules-editor-htmlui.nbm
|   |-- org-netbeans-modules-form-kit.nbm
|   |-- org-netbeans-modules-form-nb.nbm
|   |-- org-netbeans-modules-form-refactoring.nbm
|   |-- org-netbeans-modules-form.nbm
|   |-- org-netbeans-modules-gradle-dependencies.nbm
|   |-- org-netbeans-modules-gradle-java-coverage.nbm
|   |-- org-netbeans-modules-gradle-java.nbm
|   |-- org-netbeans-modules-gradle-kit.nbm
|   |-- org-netbeans-modules-gradle-persistence.nbm
|   |-- org-netbeans-modules-gradle-spring.nbm
|   |-- org-netbeans-modules-gradle-test.nbm
|   |-- org-netbeans-modules-hudson-ant.nbm
|   |-- org-netbeans-modules-hudson-maven.nbm
|   |-- org-netbeans-modules-i18n-form.nbm
|   |-- org-netbeans-modules-i18n.nbm
|   |-- org-netbeans-modules-j2ee-core-utilities.nbm
|   |-- org-netbeans-modules-j2ee-eclipselink.nbm
|   |-- org-netbeans-modules-j2ee-eclipselinkmodelgen.nbm
|   |-- org-netbeans-modules-j2ee-jpa-refactoring.nbm
|   |-- org-netbeans-modules-j2ee-jpa-verification.nbm
|   |-- org-netbeans-modules-j2ee-metadata-model-support.nbm
|   |-- org-netbeans-modules-j2ee-metadata.nbm
|   |-- org-netbeans-modules-j2ee-persistence-kit.nbm
|   |-- org-netbeans-modules-j2ee-persistence.nbm
|   |-- org-netbeans-modules-j2ee-persistenceapi.nbm
|   |-- org-netbeans-modules-java-api-common.nbm
|   |-- org-netbeans-modules-java-completion.nbm
|   |-- org-netbeans-modules-java-debug.nbm
|   |-- org-netbeans-modules-java-disco.nbm
|   |-- org-netbeans-modules-java-editor-base.nbm
|   |-- org-netbeans-modules-java-editor-lib.nbm
|   |-- org-netbeans-modules-java-editor.nbm
|   |-- org-netbeans-modules-java-examples.nbm
|   |-- org-netbeans-modules-java-file-launcher.nbm
|   |-- org-netbeans-modules-java-freeform.nbm
|   |-- org-netbeans-modules-java-graph.nbm
|   |-- org-netbeans-modules-java-guards.nbm
|   |-- org-netbeans-modules-java-hints-declarative-test.nbm
|   |-- org-netbeans-modules-java-hints-declarative.nbm
|   |-- org-netbeans-modules-java-hints-legacy-spi.nbm
|   |-- org-netbeans-modules-java-hints-test.nbm
|   |-- org-netbeans-modules-java-hints-ui.nbm
|   |-- org-netbeans-modules-java-hints.nbm
|   |-- org-netbeans-modules-java-j2sedeploy.nbm
|   |-- org-netbeans-modules-java-j2seembedded.nbm
|   |-- org-netbeans-modules-java-j2semodule.nbm
|   |-- org-netbeans-modules-java-j2seplatform.nbm
|   |-- org-netbeans-modules-java-j2seprofiles.nbm
|   |-- org-netbeans-modules-java-j2seproject.nbm
|   |-- org-netbeans-modules-java-kit.nbm
|   |-- org-netbeans-modules-java-lexer.nbm
|   |-- org-netbeans-modules-java-lsp-server.nbm
|   |-- org-netbeans-modules-java-metrics.nbm
|   |-- org-netbeans-modules-java-module-graph.nbm
|   |-- org-netbeans-modules-java-mx-project.nbm
|   |-- org-netbeans-modules-java-nativeimage-debugger.nbm
|   |-- org-netbeans-modules-java-navigation.nbm
|   |-- org-netbeans-modules-java-openjdk-project.nbm
|   |-- org-netbeans-modules-java-platform-ui.nbm
|   |-- org-netbeans-modules-java-platform.nbm
|   |-- org-netbeans-modules-java-preprocessorbridge.nbm
|   |-- org-netbeans-modules-java-project-ui.nbm
|   |-- org-netbeans-modules-java-project.nbm
|   |-- org-netbeans-modules-java-source-ant.nbm
|   |-- org-netbeans-modules-java-source-base.nbm
|   |-- org-netbeans-modules-java-source-compat8.nbm
|   |-- org-netbeans-modules-java-source-queries.nbm
|   |-- org-netbeans-modules-java-source-queriesimpl.nbm
|   |-- org-netbeans-modules-java-source.nbm
|   |-- org-netbeans-modules-java-sourceui.nbm
|   |-- org-netbeans-modules-java-testrunner-ant.nbm
|   |-- org-netbeans-modules-java-testrunner-ui.nbm
|   |-- org-netbeans-modules-java-testrunner.nbm
|   |-- org-netbeans-modules-javadoc.nbm
|   |-- org-netbeans-modules-javaee-injection.nbm
|   |-- org-netbeans-modules-javawebstart.nbm
|   |-- org-netbeans-modules-jellytools-java.nbm
|   |-- org-netbeans-modules-jshell-support.nbm
|   |-- org-netbeans-modules-junit-ant-ui.nbm
|   |-- org-netbeans-modules-junit-ant.nbm
|   |-- org-netbeans-modules-junit-ui.nbm
|   |-- org-netbeans-modules-junit.nbm
|   |-- org-netbeans-modules-ko4j-debugging.nbm
|   |-- org-netbeans-modules-kotlin-editor.nbm
|   |-- org-netbeans-modules-languages-antlr.nbm
|   |-- org-netbeans-modules-libs-corba-omgapi.nbm
|   |-- org-netbeans-modules-maven-checkstyle.nbm
|   |-- org-netbeans-modules-maven-coverage.nbm
|   |-- org-netbeans-modules-maven-embedder.nbm
|   |-- org-netbeans-modules-maven-grammar.nbm
|   |-- org-netbeans-modules-maven-graph.nbm
|   |-- org-netbeans-modules-maven-hints.nbm
|   |-- org-netbeans-modules-maven-indexer-ui.nbm
|   |-- org-netbeans-modules-maven-indexer.nbm
|   |-- org-netbeans-modules-maven-junit-ui.nbm
|   |-- org-netbeans-modules-maven-junit.nbm
|   |-- org-netbeans-modules-maven-kit.nbm
|   |-- org-netbeans-modules-maven-model.nbm
|   |-- org-netbeans-modules-maven-osgi.nbm
|   |-- org-netbeans-modules-maven-persistence.nbm
|   |-- org-netbeans-modules-maven-refactoring.nbm
|   |-- org-netbeans-modules-maven-repository.nbm
|   |-- org-netbeans-modules-maven-search.nbm
|   |-- org-netbeans-modules-maven-spring.nbm
|   |-- org-netbeans-modules-maven.nbm
|   |-- org-netbeans-modules-nashorn-execution.nbm
|   |-- org-netbeans-modules-projectimport-eclipse-core.nbm
|   |-- org-netbeans-modules-projectimport-eclipse-j2se.nbm
|   |-- org-netbeans-modules-refactoring-java.nbm
|   |-- org-netbeans-modules-selenium2-java.nbm
|   |-- org-netbeans-modules-selenium2-maven.nbm
|   |-- org-netbeans-modules-spellchecker-bindings-java.nbm
|   |-- org-netbeans-modules-spring-beans.nbm
|   |-- org-netbeans-modules-testng-ant.nbm
|   |-- org-netbeans-modules-testng-maven.nbm
|   |-- org-netbeans-modules-testng-ui.nbm
|   |-- org-netbeans-modules-testng.nbm
|   |-- org-netbeans-modules-websvc-jaxws21.nbm
|   |-- org-netbeans-modules-websvc-jaxws21api.nbm
|   |-- org-netbeans-modules-websvc-saas-codegen-java.nbm
|   |-- org-netbeans-modules-whitelist.nbm
|   |-- org-netbeans-modules-xml-jaxb.nbm
|   |-- org-netbeans-modules-xml-tools-java.nbm
|   |-- org-netbeans-spi-debugger-jpda-ui.nbm
|   `-- org-netbeans-spi-java-hints.nbm
|-- javafx
|   |-- org-netbeans-modules-javafx2-editor.nbm
|   |-- org-netbeans-modules-javafx2-kit.nbm
|   |-- org-netbeans-modules-javafx2-platform.nbm
|   |-- org-netbeans-modules-javafx2-project.nbm
|   |-- org-netbeans-modules-javafx2-samples.nbm
|   |-- org-netbeans-modules-javafx2-scenebuilder.nbm
|   `-- org-netbeans-modules-maven-htmlui.nbm
|-- nb
|   |-- org-netbeans-modules-autoupdate-pluginimporter.nbm
|   |-- org-netbeans-modules-deadlock-detector.nbm
|   |-- org-netbeans-modules-ide-branding-kit.nbm
|   |-- org-netbeans-modules-ide-branding.nbm
|   |-- org-netbeans-modules-ide-dashboard.nbm
|   |-- org-netbeans-modules-uihandler-exceptionreporter.nbm
|   |-- org-netbeans-modules-updatecenters.nbm
|   `-- org-netbeans-upgrader.nbm
|-- php
|   |-- org-netbeans-libs-javacup.nbm
|   |-- org-netbeans-modules-hudson-php.nbm
|   |-- org-netbeans-modules-languages-neon.nbm
|   |-- org-netbeans-modules-php-api-annotation.nbm
|   |-- org-netbeans-modules-php-api-documentation.nbm
|   |-- org-netbeans-modules-php-api-editor.nbm
|   |-- org-netbeans-modules-php-api-executable.nbm
|   |-- org-netbeans-modules-php-api-framework.nbm
|   |-- org-netbeans-modules-php-api-phpmodule.nbm
|   |-- org-netbeans-modules-php-api-templates.nbm
|   |-- org-netbeans-modules-php-api-testing.nbm
|   |-- org-netbeans-modules-php-apigen.nbm
|   |-- org-netbeans-modules-php-atoum.nbm
|   |-- org-netbeans-modules-php-code-analysis.nbm
|   |-- org-netbeans-modules-php-codeception.nbm
|   |-- org-netbeans-modules-php-composer.nbm
|   |-- org-netbeans-modules-php-dbgp.nbm
|   |-- org-netbeans-modules-php-doctrine2.nbm
|   |-- org-netbeans-modules-php-editor.nbm
|   |-- org-netbeans-modules-php-kit.nbm
|   |-- org-netbeans-modules-php-latte.nbm
|   |-- org-netbeans-modules-php-nette-tester.nbm
|   |-- org-netbeans-modules-php-nette2.nbm
|   |-- org-netbeans-modules-php-phing.nbm
|   |-- org-netbeans-modules-php-phpdoc.nbm
|   |-- org-netbeans-modules-php-phpunit.nbm
|   |-- org-netbeans-modules-php-project.nbm
|   |-- org-netbeans-modules-php-refactoring.nbm
|   |-- org-netbeans-modules-php-samples.nbm
|   |-- org-netbeans-modules-php-smarty.nbm
|   |-- org-netbeans-modules-php-symfony.nbm
|   |-- org-netbeans-modules-php-symfony2.nbm
|   |-- org-netbeans-modules-php-twig.nbm
|   |-- org-netbeans-modules-php-zend.nbm
|   |-- org-netbeans-modules-php-zend2.nbm
|   |-- org-netbeans-modules-selenium2-php.nbm
|   |-- org-netbeans-modules-spellchecker-bindings-php.nbm
|   `-- org-netbeans-modules-websvc-saas-codegen-php.nbm
|-- platform
|   |-- net-java-html-boot-fx.nbm
|   |-- net-java-html-boot-script.nbm
|   |-- net-java-html-boot.nbm
|   |-- net-java-html-geo.nbm
|   |-- net-java-html-json.nbm
|   |-- net-java-html-sound.nbm
|   |-- net-java-html.nbm
|   |-- org-apache-commons-codec.nbm
|   |-- org-apache-commons-commons_io.nbm
|   |-- org-apache-commons-lang3.nbm
|   |-- org-apache-commons-logging.nbm
|   |-- org-netbeans-api-annotations-common.nbm
|   |-- org-netbeans-api-dashboard.nbm
|   |-- org-netbeans-api-htmlui.nbm
|   |-- org-netbeans-api-intent.nbm
|   |-- org-netbeans-api-io.nbm
|   |-- org-netbeans-api-progress-compat8.nbm
|   |-- org-netbeans-api-progress-nb.nbm
|   |-- org-netbeans-api-progress.nbm
|   |-- org-netbeans-api-scripting.nbm
|   |-- org-netbeans-api-search.nbm
|   |-- org-netbeans-api-templates.nbm
|   |-- org-netbeans-api-visual.nbm
|   |-- org-netbeans-bootstrap.nbm
|   |-- org-netbeans-core-execution.nbm
|   |-- org-netbeans-core-io-ui.nbm
|   |-- org-netbeans-core-multitabs.nbm
|   |-- org-netbeans-core-multiview.nbm
|   |-- org-netbeans-core-nativeaccess.nbm
|   |-- org-netbeans-core-netigso.nbm
|   |-- org-netbeans-core-network.nbm
|   |-- org-netbeans-core-osgi.nbm
|   |-- org-netbeans-core-output2.nbm
|   |-- org-netbeans-core-startup-base.nbm
|   |-- org-netbeans-core-startup.nbm
|   |-- org-netbeans-core-ui.nbm
|   |-- org-netbeans-core-windows.nbm
|   |-- org-netbeans-core.nbm
|   |-- org-netbeans-html-ko4j.nbm
|   |-- org-netbeans-html-presenters-spi.nbm
|   |-- org-netbeans-html-xhr4j.nbm
|   |-- org-netbeans-lib-uihandler.nbm
|   |-- org-netbeans-libs-asm.nbm
|   |-- org-netbeans-libs-felix.nbm
|   |-- org-netbeans-libs-flatlaf.nbm
|   |-- org-netbeans-libs-javafx.nbm
|   |-- org-netbeans-libs-javax-inject.nbm
|   |-- org-netbeans-libs-jna-platform.nbm
|   |-- org-netbeans-libs-jna.nbm
|   |-- org-netbeans-libs-jsr223.nbm
|   |-- org-netbeans-libs-jsvg.nbm
|   |-- org-netbeans-libs-junit4.nbm
|   |-- org-netbeans-libs-junit5.nbm
|   |-- org-netbeans-libs-osgi.nbm
|   |-- org-netbeans-libs-testng.nbm
|   |-- org-netbeans-modules-applemenu.nbm
|   |-- org-netbeans-modules-autoupdate-cli.nbm
|   |-- org-netbeans-modules-autoupdate-services.nbm
|   |-- org-netbeans-modules-autoupdate-ui.nbm
|   |-- org-netbeans-modules-core-kit.nbm
|   |-- org-netbeans-modules-editor-mimelookup-impl.nbm
|   |-- org-netbeans-modules-editor-mimelookup.nbm
|   |-- org-netbeans-modules-favorites.nbm
|   |-- org-netbeans-modules-htmlui.nbm
|   |-- org-netbeans-modules-janitor.nbm
|   |-- org-netbeans-modules-javahelp.nbm
|   |-- org-netbeans-modules-junitlib.nbm
|   |-- org-netbeans-modules-keyring-fallback.nbm
|   |-- org-netbeans-modules-keyring-impl.nbm
|   |-- org-netbeans-modules-keyring.nbm
|   |-- org-netbeans-modules-masterfs-linux.nbm
|   |-- org-netbeans-modules-masterfs-macosx.nbm
|   |-- org-netbeans-modules-masterfs-nio2.nbm
|   |-- org-netbeans-modules-masterfs-ui.nbm
|   |-- org-netbeans-modules-masterfs-windows.nbm
|   |-- org-netbeans-modules-masterfs.nbm
|   |-- org-netbeans-modules-netbinox.nbm
|   |-- org-netbeans-modules-options-api.nbm
|   |-- org-netbeans-modules-options-keymap.nbm
|   |-- org-netbeans-modules-print.nbm
|   |-- org-netbeans-modules-progress-ui.nbm
|   |-- org-netbeans-modules-queries.nbm
|   |-- org-netbeans-modules-sampler.nbm
|   |-- org-netbeans-modules-sendopts.nbm
|   |-- org-netbeans-modules-settings.nbm
|   |-- org-netbeans-modules-spi-actions.nbm
|   |-- org-netbeans-modules-templates.nbm
|   |-- org-netbeans-modules-templatesui.nbm
|   |-- org-netbeans-modules-uihandler.nbm
|   |-- org-netbeans-spi-quicksearch.nbm
|   |-- org-netbeans-swing-laf-dark.nbm
|   |-- org-netbeans-swing-laf-flatlaf.nbm
|   |-- org-netbeans-swing-outline.nbm
|   |-- org-netbeans-swing-plaf.nbm
|   |-- org-netbeans-swing-tabcontrol.nbm
|   |-- org-openide-actions.nbm
|   |-- org-openide-awt.nbm
|   |-- org-openide-compat.nbm
|   |-- org-openide-dialogs.nbm
|   |-- org-openide-execution-compat8.nbm
|   |-- org-openide-execution.nbm
|   |-- org-openide-explorer.nbm
|   |-- org-openide-filesystems-compat8.nbm
|   |-- org-openide-filesystems-nb.nbm
|   |-- org-openide-filesystems.nbm
|   |-- org-openide-io.nbm
|   |-- org-openide-loaders.nbm
|   |-- org-openide-modules.nbm
|   |-- org-openide-nodes.nbm
|   |-- org-openide-text.nbm
|   |-- org-openide-util-lookup.nbm
|   |-- org-openide-util-ui-svg.nbm
|   |-- org-openide-util-ui.nbm
|   |-- org-openide-util.nbm
|   `-- org-openide-windows.nbm
|-- profiler
|   |-- org-netbeans-lib-profiler-charts.nbm
|   |-- org-netbeans-lib-profiler-common.nbm
|   |-- org-netbeans-lib-profiler-ui.nbm
|   |-- org-netbeans-lib-profiler.nbm
|   |-- org-netbeans-modules-debugger-jpda-heapwalk.nbm
|   |-- org-netbeans-modules-maven-profiler.nbm
|   |-- org-netbeans-modules-profiler-api.nbm
|   |-- org-netbeans-modules-profiler-attach.nbm
|   |-- org-netbeans-modules-profiler-freeform.nbm
|   |-- org-netbeans-modules-profiler-heapwalker.nbm
|   |-- org-netbeans-modules-profiler-j2se.nbm
|   |-- org-netbeans-modules-profiler-kit.nbm
|   |-- org-netbeans-modules-profiler-nbimpl.nbm
|   |-- org-netbeans-modules-profiler-nbmodule.nbm
|   |-- org-netbeans-modules-profiler-options.nbm
|   |-- org-netbeans-modules-profiler-oql-language.nbm
|   |-- org-netbeans-modules-profiler-oql.nbm
|   |-- org-netbeans-modules-profiler-ppoints.nbm
|   |-- org-netbeans-modules-profiler-projectsupport.nbm
|   |-- org-netbeans-modules-profiler-snaptracer.nbm
|   |-- org-netbeans-modules-profiler-utilities.nbm
|   `-- org-netbeans-modules-profiler.nbm
|-- webcommon
|   |-- org-netbeans-api-knockout.nbm
|   |-- org-netbeans-lib-chrome_devtools_protocol.nbm
|   |-- org-netbeans-lib-v8debug.nbm
|   |-- org-netbeans-libs-graaljs.nbm
|   |-- org-netbeans-libs-jstestdriver.nbm
|   |-- org-netbeans-libs-nashorn.nbm
|   |-- org-netbeans-libs-plist.nbm
|   |-- org-netbeans-modules-cordova-platforms-android.nbm
|   |-- org-netbeans-modules-cordova-platforms.nbm
|   |-- org-netbeans-modules-cordova.nbm
|   |-- org-netbeans-modules-extbrowser-chrome.nbm
|   |-- org-netbeans-modules-html-angular.nbm
|   |-- org-netbeans-modules-html-knockout.nbm
|   |-- org-netbeans-modules-javascript-bower.nbm
|   |-- org-netbeans-modules-javascript-cdnjs.nbm
|   |-- org-netbeans-modules-javascript-cdtdebug-ui.nbm
|   |-- org-netbeans-modules-javascript-cdtdebug.nbm
|   |-- org-netbeans-modules-javascript-grunt.nbm
|   |-- org-netbeans-modules-javascript-gulp.nbm
|   |-- org-netbeans-modules-javascript-jstestdriver.nbm
|   |-- org-netbeans-modules-javascript-karma.nbm
|   |-- org-netbeans-modules-javascript-nodejs.nbm
|   |-- org-netbeans-modules-javascript-v8debug-ui.nbm
|   |-- org-netbeans-modules-javascript-v8debug.nbm
|   |-- org-netbeans-modules-javascript2-doc.nbm
|   |-- org-netbeans-modules-javascript2-editor.nbm
|   |-- org-netbeans-modules-javascript2-extdoc.nbm
|   |-- org-netbeans-modules-javascript2-extjs.nbm
|   |-- org-netbeans-modules-javascript2-html.nbm
|   |-- org-netbeans-modules-javascript2-jade.nbm
|   |-- org-netbeans-modules-javascript2-jquery.nbm
|   |-- org-netbeans-modules-javascript2-jsdoc.nbm
|   |-- org-netbeans-modules-javascript2-json.nbm
|   |-- org-netbeans-modules-javascript2-kit.nbm
|   |-- org-netbeans-modules-javascript2-knockout.nbm
|   |-- org-netbeans-modules-javascript2-lexer.nbm
|   |-- org-netbeans-modules-javascript2-model.nbm
|   |-- org-netbeans-modules-javascript2-nodejs.nbm
|   |-- org-netbeans-modules-javascript2-prototypejs.nbm
|   |-- org-netbeans-modules-javascript2-react.nbm
|   |-- org-netbeans-modules-javascript2-requirejs.nbm
|   |-- org-netbeans-modules-javascript2-sdoc.nbm
|   |-- org-netbeans-modules-javascript2-source-query.nbm
|   |-- org-netbeans-modules-javascript2-types.nbm
|   |-- org-netbeans-modules-javascript2-vue.nbm
|   |-- org-netbeans-modules-languages-apacheconf.nbm
|   |-- org-netbeans-modules-languages-ini.nbm
|   |-- org-netbeans-modules-netserver.nbm
|   |-- org-netbeans-modules-selenium2-webclient-mocha.nbm
|   |-- org-netbeans-modules-selenium2-webclient-protractor.nbm
|   |-- org-netbeans-modules-selenium2-webclient.nbm
|   |-- org-netbeans-modules-typescript-editor.nbm
|   |-- org-netbeans-modules-web-client-kit.nbm
|   |-- org-netbeans-modules-web-client-samples.nbm
|   |-- org-netbeans-modules-web-clientproject-api.nbm
|   |-- org-netbeans-modules-web-clientproject.nbm
|   |-- org-netbeans-modules-web-inspect.nbm
|   |-- org-netbeans-modules-web-javascript-debugger.nbm
|   `-- org-netbeans-modules-web-webkit-tooling.nbm
`-- websvccommon
    |-- org-netbeans-modules-websvc-jaxwsmodelapi.nbm
    |-- org-netbeans-modules-websvc-saas-api.nbm
    |-- org-netbeans-modules-websvc-saas-codegen.nbm
    |-- org-netbeans-modules-websvc-saas-kit.nbm
    `-- org-netbeans-modules-websvc-saas-ui.nbm

18 directories, 828 files
